c:\users\nikita\desktop\поддавки_кр\shashki\release\shashki.pch
c:\users\nikita\desktop\поддавки_кр\shashki\release\vc142.pdb
c:\users\nikita\desktop\поддавки_кр\shashki\release\stdafx.obj
c:\users\nikita\desktop\поддавки_кр\shashki\release\shashki.obj
c:\users\nikita\desktop\поддавки_кр\shashki\release\player.obj
c:\users\nikita\desktop\поддавки_кр\shashki\release\gamepainter.obj
c:\users\nikita\desktop\поддавки_кр\shashki\release\game.obj
c:\users\nikita\desktop\поддавки_кр\release\shashki.exe
c:\users\nikita\desktop\поддавки_кр\shashki\release\shashki.ipdb
c:\users\nikita\desktop\поддавки_кр\shashki\release\shashki.iobj
c:\users\nikita\desktop\поддавки_кр\release\shashki.pdb
c:\users\nikita\desktop\поддавки_кр\shashki\release\shashki.res
c:\users\sergo\desktop\тп\курсач\поддавки_кр\shashki\release\game.obj
c:\users\sergo\desktop\тп\курсач\поддавки_кр\shashki\release\gamepainter.obj
c:\users\sergo\desktop\тп\курсач\поддавки_кр\shashki\release\player.obj
c:\users\sergo\desktop\тп\курсач\поддавки_кр\shashki\release\shashki.obj
c:\users\sergo\desktop\тп\курсач\поддавки_кр\shashki\release\stdafx.obj
c:\users\sergo\desktop\тп\курсач\поддавки_кр\shashki\release\shashki.ipdb
c:\users\sergo\desktop\тп\курсач\поддавки_кр\shashki\release\shashki.iobj
c:\users\sergo\desktop\тп\курсач\поддавки_кр\shashki\release\shashki.res
c:\users\sergo\desktop\тп\курсач\поддавки_кр\shashki\release\shashki.pch
c:\users\sergo\desktop\тп\курсач\поддавки_кр\shashki\release\vc142.pdb
c:\users\sergo\desktop\тп\курсач\поддавки_кр\release\shashki.pdb
c:\users\sergo\desktop\тп\курсач\поддавки_кр\release\shashki.exe
c:\users\sergo\desktop\тп\курсач\поддавки_кр\shashki\release\shashki.tlog\cl.command.1.tlog
c:\users\sergo\desktop\тп\курсач\поддавки_кр\shashki\release\shashki.tlog\cl.read.1.tlog
c:\users\sergo\desktop\тп\курсач\поддавки_кр\shashki\release\shashki.tlog\cl.write.1.tlog
c:\users\sergo\desktop\тп\курсач\поддавки_кр\shashki\release\shashki.tlog\link.command.1.tlog
c:\users\sergo\desktop\тп\курсач\поддавки_кр\shashki\release\shashki.tlog\link.read.1.tlog
c:\users\sergo\desktop\тп\курсач\поддавки_кр\shashki\release\shashki.tlog\link.write.1.tlog
c:\users\sergo\desktop\тп\курсач\поддавки_кр\shashki\release\shashki.tlog\rc.command.1.tlog
c:\users\sergo\desktop\тп\курсач\поддавки_кр\shashki\release\shashki.tlog\rc.read.1.tlog
c:\users\sergo\desktop\тп\курсач\поддавки_кр\shashki\release\shashki.tlog\rc.write.1.tlog
